{
  "RSpec": {
    "coverage": {
      "/Users/suzannehuldt/Documents/week_10/gilded-rose/GR-tech-test/spec/stockcheck_backstage_spec.rb": [
        1,
        1,
        1,
        3,
        3,
        3,
        3,
        null,
        null,
        1,
        1,
        4,
        null,
        null,
        null,
        1,
        1,
        4,
        null,
        1,
        4,
        null,
        1,
        4,
        null,
        1,
        1,
        1,
        null,
        null,
        null,
        1,
        1,
        1,
        null,
        null,
        null,
        1,
        1,
        1,
        null,
        null,
        null,
        1,
        1,
        1,
        null,
        null,
        null,
        1,
        1,
        0,
        null,
        1,
        0,
        null,
        null,
        null
      ],
      "/Users/suzannehuldt/Documents/week_10/gilded-rose/GR-tech-test/lib/stockcheck_backstage.rb": [
        1,
        null,
        1,
        null,
        1,
        4,
        4,
        4,
        4,
        null,
        null,
        1,
        5,
        null,
        null,
        1,
        5,
        null,
        null,
        1,
        4,
        null,
        null,
        1,
        1,
        null,
        null,
        null
      ],
      "/Users/suzannehuldt/Documents/week_10/gilded-rose/GR-tech-test/lib/stockcheck.rb": [
        1,
        1,
        null,
        null,
        1,
        0,
        0,
        null,
        null,
        1,
        1,
        null,
        null,
        1,
        5,
        null,
        null,
        1,
        0,
        null,
        null
      ],
      "/Users/suzannehuldt/Documents/week_10/gilded-rose/GR-tech-test/lib/item.rb": [
        1,
        1,
        null,
        1,
        8,
        8,
        8,
        null,
        null,
        1,
        0,
        null,
        null
      ]
    },
    "timestamp": 1515087689
  }
}
