{
  "RSpec": {
    "coverage": {
      "/Users/suzannehuldt/Documents/week_10/gilded-rose/GR-tech-test/spec/gilded_rose_spec.rb": [
        null,
        1,
        1,
        null,
        1,
        null,
        1,
        1,
        0,
        0,
        0,
        null,
        null,
        null,
        1,
        1,
        1,
        4,
        null,
        1,
        1,
        4,
        null,
        null,
        null,
        1,
        1,
        1,
        1,
        null,
        null,
        null,
        1,
        1,
        null,
        null,
        null,
        1,
        null,
        null,
        null,
        null,
        1,
        1,
        null,
        null,
        1,
        null,
        null,
        null,
        null,
        1,
        1,
        null,
        null,
        null,
        null,
        1,
        1,
        null,
        null,
        1,
        null,
        null,
        1,
        null,
        null,
        null,
        null,
        1,
        1,
        null,
        null,
        null,
        null,
        null,
        1,
        1,
        null,
        null,
        1,
        null,
        null,
        null,
        null,
        null
      ],
      "/Users/suzannehuldt/Documents/week_10/gilded-rose/GR-tech-test/lib/gilded_rose.rb": [
        1,
        null,
        1,
        3,
        null,
        null,
        1,
        0,
        null,
        null,
        1,
        2,
        null,
        null,
        1,
        3,
        null,
        null,
        1,
        0,
        0,
        0,
        0,
        0,
        null,
        null,
        null,
        0,
        0,
        0,
        0,
        0,
        0,
        null,
        null,
        0,
        0,
        0,
        null,
        null,
        null,
        null,
        null,
        0,
        0,
        null,
        0,
        0,
        0,
        0,
        0,
        0,
        null,
        null,
        null,
        0,
        null,
        null,
        0,
        0,
        null,
        null,
        null,
        null,
        null,
        null
      ],
      "/Users/suzannehuldt/Documents/week_10/gilded-rose/GR-tech-test/lib/item.rb": [
        1,
        1,
        null,
        1,
        3,
        3,
        3,
        null,
        null,
        1,
        0,
        null,
        null
      ]
    },
    "timestamp": 1515063218
  }
}
